<?xml version="1.0" encoding="UTF-8"?>
<testng-results ignored="0" total="3" passed="3" failed="0" skipped="0">
  <reporter-output>
  </reporter-output>
  <suite started-at="2022-10-07T16:47:43 IST" name="Default suite" finished-at="2022-10-07T16:48:24 IST" duration-ms="41772">
    <groups>
    </groups>
    <test started-at="2022-10-07T16:47:43 IST" name="Default test" finished-at="2022-10-07T16:48:24 IST" duration-ms="41772">
      <class name="registration.RegistrationTest">
        <test-method is-config="true" signature="beforeTest()[pri:0, instance:registration.RegistrationTest@6d763516]" started-at="2022-10-07T16:47:43 IST" name="beforeTest" finished-at="2022-10-07T16:47:43 IST" duration-ms="0" status="PASS">
          <reporter-output>
          </reporter-output>
        </test-method> <!-- beforeTest -->
        <test-method signature="registrationTest()[pri:0, instance:registration.RegistrationTest@6d763516]" started-at="2022-10-07T16:47:43 IST" name="registrationTest" finished-at="2022-10-07T16:47:59 IST" duration-ms="16583" status="PASS">
          <reporter-output>
          </reporter-output>
        </test-method> <!-- registrationTest -->
        <test-method is-config="true" signature="afterTest()[pri:0, instance:registration.RegistrationTest@6d763516]" started-at="2022-10-07T16:48:24 IST" name="afterTest" finished-at="2022-10-07T16:48:24 IST" duration-ms="1" status="PASS">
          <reporter-output>
          </reporter-output>
        </test-method> <!-- afterTest -->
      </class> <!-- registration.RegistrationTest -->
      <class name="login.LoginTest">
        <test-method is-config="true" signature="beforeTest()[pri:0, instance:login.LoginTest@5c5eefef]" started-at="2022-10-07T16:47:43 IST" name="beforeTest" finished-at="2022-10-07T16:47:43 IST" duration-ms="14" status="PASS">
          <reporter-output>
          </reporter-output>
        </test-method> <!-- beforeTest -->
        <test-method signature="loginTest()[pri:0, instance:login.LoginTest@5c5eefef]" started-at="2022-10-07T16:47:59 IST" name="loginTest" finished-at="2022-10-07T16:48:05 IST" duration-ms="5480" status="PASS">
          <reporter-output>
          </reporter-output>
        </test-method> <!-- loginTest -->
        <test-method is-config="true" signature="afterTest()[pri:0, instance:login.LoginTest@5c5eefef]" started-at="2022-10-07T16:48:24 IST" name="afterTest" finished-at="2022-10-07T16:48:24 IST" duration-ms="1" status="PASS">
          <reporter-output>
          </reporter-output>
        </test-method> <!-- afterTest -->
      </class> <!-- login.LoginTest -->
      <class name="search.SearchTest">
        <test-method is-config="true" signature="beforeTest()[pri:0, instance:search.SearchTest@16293aa2]" started-at="2022-10-07T16:47:43 IST" name="beforeTest" finished-at="2022-10-07T16:47:43 IST" duration-ms="1" status="PASS">
          <reporter-output>
          </reporter-output>
        </test-method> <!-- beforeTest -->
        <test-method signature="searchTest()[pri:0, instance:search.SearchTest@16293aa2]" started-at="2022-10-07T16:48:05 IST" name="searchTest" finished-at="2022-10-07T16:48:24 IST" duration-ms="19637" status="PASS">
          <reporter-output>
          </reporter-output>
        </test-method> <!-- searchTest -->
        <test-method is-config="true" signature="afterTest()[pri:0, instance:search.SearchTest@16293aa2]" started-at="2022-10-07T16:48:24 IST" name="afterTest" finished-at="2022-10-07T16:48:24 IST" duration-ms="1" status="PASS">
          <reporter-output>
          </reporter-output>
        </test-method> <!-- afterTest -->
      </class> <!-- search.SearchTest -->
    </test> <!-- Default test -->
  </suite> <!-- Default suite -->
</testng-results>
