<?xml version="1.0" encoding="UTF-8"?>
<!-- Generated by org.testng.reporters.JUnitXMLReporter -->
<testsuite ignored="0" hostname="LAPTOP-DJTLPK5V" failures="0" tests="3" name="Default test" time="41.772" errors="0" timestamp="2022-10-07T16:48:24 IST">
  <testcase classname="registration.RegistrationTest" name="registrationTest" time="16.583"/>
  <testcase classname="login.LoginTest" name="loginTest" time="5.48"/>
  <testcase classname="search.SearchTest" name="searchTest" time="19.637"/>
</testsuite> <!-- Default test -->
